#
# There is insufficient memory for the Java Runtime Environment to continue.
# Native memory allocation (malloc) failed to allocate 32744 bytes for ChunkPool::allocate
# Possible reasons:
#   The system is out of physical RAM or swap space
#   The process is running with CompressedOops enabled, and the Java Heap may be blocking the growth of the native heap
# Possible solutions:
#   Reduce memory load on the system
#   Increase physical memory or swap space
#   Check if swap backing store is full
#   Decrease Java heap size (-Xmx/-Xms)
#   Decrease number of Java threads
#   Decrease Java thread stack sizes (-Xss)
#   Set larger code cache with -XX:ReservedCodeCacheSize=
#   JVM is running with Zero Based Compressed Oops mode in which the Java heap is
#     placed in the first 32GB address space. The Java Heap base address is the
#     maximum limit for the native heap growth. Please use -XX:HeapBaseMinAddress
#     to set the Java Heap base and to place the Java Heap above 32GB virtual address.
# This output file may be truncated or incomplete.
#
#  Out of Memory Error (allocation.cpp:273), pid=4220644, tid=0x0000000000406b18
#
# JRE version: Java(TM) SE Runtime Environment (8.0_201-b09) (build 1.8.0_201-b09)
# Java VM: Java HotSpot(TM) 64-Bit Server VM (25.201-b09 mixed mode windows-amd64 compressed oops)
# Failed to write core dump. Minidumps are not enabled by default on client versions of Windows
#

---------------  T H R E A D  ---------------

Current thread (0x000000001cfbb000):  JavaThread "C2 CompilerThread0" daemon [_thread_in_native, id=4221720, stack(0x000000001edd0000,0x000000001eed0000)]

Stack: [0x000000001edd0000,0x000000001eed0000]
[error occurred during error reporting (printing stack bounds), id 0xc0000005]

Native frames: (J=compiled Java code, j=interpreted, Vv=VM code, C=native code)


Current CompileTask:
C2:    175    2       4       java.lang.String::hashCode (55 bytes)


---------------  P R O C E S S  ---------------

Java Threads: ( => current thread )
  0x000000001e393000 JavaThread "Service Thread" daemon [_thread_new, id=4222724, stack(0x0000000000000000,0x0000000000000000)]
  0x000000001e38b800 JavaThread "C1 CompilerThread2" daemon [_thread_new, id=4222348, stack(0x0000000000000000,0x0000000000000000)]
  0x000000001e333800 JavaThread "C2 CompilerThread1" daemon [_thread_in_native, id=4220500, stack(0x000000001eed0000,0x000000001efd0000)]
=>0x000000001cfbb000 JavaThread "C2 CompilerThread0" daemon [_thread_in_native, id=4221720, stack(0x000000001edd0000,0x000000001eed0000)]
  0x000000001cfba800 JavaThread "Monitor Ctrl-Break" daemon [_thread_in_native, id=4216980, stack(0x000000001ecd0000,0x000000001edd0000)]
  0x000000001e312800 JavaThread "Attach Listener" daemon [_thread_blocked, id=4222296, stack(0x000000001e7d0000,0x000000001e8d0000)]
  0x000000001cf88000 JavaThread "Signal Dispatcher" daemon [_thread_blocked, id=4222360, stack(0x000000001e6d0000,0x000000001e7d0000)]
  0x000000001cf60000 JavaThread "Finalizer" daemon [_thread_blocked, id=4221448, stack(0x000000001e1d0000,0x000000001e2d0000)]
  0x000000001cf58800 JavaThread "Reference Handler" daemon [_thread_blocked, id=4215604, stack(0x000000001e0d0000,0x000000001e1d0000)]
  0x0000000003692800 JavaThread "main" [_thread_in_vm, id=4223264, stack(0x0000000003590000,0x0000000003690000)]

Other Threads:
  0x000000001cf37000 VMThread [stack: 0x000000001dfd0000,0x000000001e0d0000] [id=4221124]

VM state:not at safepoint (normal execution)

VM Mutex/Monitor currently owned by a thread: None

heap address: 0x00000006c1800000, size: 4072 MB, Compressed Oops mode: Zero based, Oop shift amount: 3
Narrow klass base: 0x0000000000000000, Narrow klass shift: 3
Compressed class space size: 1073741824 Address: 0x00000007c0000000

Heap:
 PSYoungGen      total 76288K, used 3932K [0x000000076b300000, 0x0000000770800000, 0x00000007c0000000)
  eden space 65536K, 6% used [0x000000076b300000,0x000000076b6d71c8,0x000000076f300000)
  from space 10752K, 0% used [0x000000076fd80000,0x000000076fd80000,0x0000000770800000)
  to   space 10752K, 0% used [0x000000076f300000,0x000000076f300000,0x000000076fd80000)
 ParOldGen       total 175104K, used 0K [0x00000006c1800000, 0x00000006cc300000, 0x000000076b300000)
  object space 175104K, 0% used [0x00000006c1800000,0x00000006c1800000,0x00000006cc300000)
 Metaspace       used 2875K, capacity 4494K, committed 4864K, reserved 1060864K
  class space    used 309K, capacity 386K, committed 512K, reserved 1048576K

Card table byte_map: [0x0000000012d40000,0x0000000013540000] byte_map_base: 0x000000000f734000

Marking Bits: (ParMarkBitMap*) 0x000000005e674ce0
 Begin Bits: [0x0000000013e90000, 0x0000000017e30000)
 End Bits:   [0x0000000017e30000, 0x000000001bdd0000)

Polling page: 0x0000000001370000

CodeCache: size=245760Kb used=481Kb max_used=481Kb free=245278Kb
 bounds [0x0000000003980000, 0x0000000003bf0000, 0x0000000012980000]
 total_blobs=202 nmethods=0 adapters=152
 compilation: enabled

Compilation events (2 events):
Event: 0.173 Thread 0x000000001cfbb000    2       4       java.lang.String::hashCode (55 bytes)
Event: 0.174 Thread 0x000000001e333800    4       4       java.lang.String::charAt (29 bytes)

GC Heap History (0 events):
No events

Deoptimization events (0 events):
No events

Classes redefined (0 events):
No events

Internal exceptions (2 events):
Event: 0.043 Thread 0x0000000003692800 Exception <a 'java/lang/NoSuchMethodError': Method sun.misc.Unsafe.defineClass(Ljava/lang/String;[BII)Ljava/lang/Class; name or signature does not match> (0x000000076b307cb0) thrown at [C:\re\workspace\8-2-build-windows-amd64-cygwin\jdk8u201\12322\hotspot
Event: 0.043 Thread 0x0000000003692800 Exception <a 'java/lang/NoSuchMethodError': Method sun.misc.Unsafe.prefetchRead(Ljava/lang/Object;J)V name or signature does not match> (0x000000076b307f98) thrown at [C:\re\workspace\8-2-build-windows-amd64-cygwin\jdk8u201\12322\hotspot\src\share\vm\prim

Events (10 events):
Event: 0.174 Thread 0x000000001e393000 Thread added: 0x000000001e393000
Event: 0.174 loading class sun/misc/PostVMInitHook
Event: 0.174 loading class sun/misc/PostVMInitHook done
Event: 0.174 loading class sun/misc/PostVMInitHook$2
Event: 0.174 loading class sun/misc/PostVMInitHook$2 done
Event: 0.174 loading class jdk/internal/util/EnvUtils
Event: 0.174 loading class jdk/internal/util/EnvUtils done
Event: 0.174 loading class sun/misc/PostVMInitHook$1
Event: 0.174 loading class sun/misc/PostVMInitHook$1 done
Event: 0.174 loading class sun/usagetracker/UsageTrackerClient


Dynamic libraries:
0x00007ff6dae30000 - 0x00007ff6dae67000 	C:\Program Files\Java\jdk1.8.0_201\bin\java.exe
0x00007ffd9e840000 - 0x00007ffd9ea30000 	C:\Windows\SYSTEM32\ntdll.dll
0x00007ffd9d710000 - 0x00007ffd9d7c2000 	C:\Windows\System32\KERNEL32.DLL
0x00007ffd9b9e0000 - 0x00007ffd9bc83000 	C:\Windows\System32\KERNELBASE.dll
0x00007ffd9cfc0000 - 0x00007ffd9d063000 	C:\Windows\System32\ADVAPI32.DLL
0x00007ffd9d070000 - 0x00007ffd9d10e000 	C:\Windows\System32\msvcrt.dll
0x00007ffd9cb00000 - 0x00007ffd9cb97000 	C:\Windows\System32\sechost.dll
0x00007ffd9e590000 - 0x00007ffd9e6b0000 	C:\Windows\System32\RPCRT4.dll
0x00007ffd9d800000 - 0x00007ffd9d994000 	C:\Windows\System32\USER32.dll
0x00007ffd9b820000 - 0x00007ffd9b841000 	C:\Windows\System32\win32u.dll
0x00007ffd9d7d0000 - 0x00007ffd9d7f6000 	C:\Windows\System32\GDI32.dll
0x00007ffd9c660000 - 0x00007ffd9c7f4000 	C:\Windows\System32\gdi32full.dll
0x00007ffd9c800000 - 0x00007ffd9c89e000 	C:\Windows\System32\msvcp_win.dll
0x00007ffd9c560000 - 0x00007ffd9c65a000 	C:\Windows\System32\ucrtbase.dll
0x00007ffd9abf0000 - 0x00007ffd9ae75000 	C:\Windows\WinSxS\amd64_microsoft.windows.common-controls_6595b64144ccf1df_6.0.18362.418_none_e6c6b287130d565d\COMCTL32.dll
0x00007ffd9e090000 - 0x00007ffd9e3c6000 	C:\Windows\System32\combase.dll
0x00007ffd9b850000 - 0x00007ffd9b8d0000 	C:\Windows\System32\bcryptPrimitives.dll
0x00007ffd9cdb0000 - 0x00007ffd9cdde000 	C:\Windows\System32\IMM32.DLL
0x000000005ef30000 - 0x000000005f001000 	C:\Program Files\Java\jdk1.8.0_201\jre\bin\msvcr100.dll
0x000000005de50000 - 0x000000005e6f4000 	C:\Program Files\Java\jdk1.8.0_201\jre\bin\server\jvm.dll
0x00007ffd9e6b0000 - 0x00007ffd9e6b8000 	C:\Windows\System32\PSAPI.DLL
0x00007ffd8b870000 - 0x00007ffd8b879000 	C:\Windows\SYSTEM32\WSOCK32.dll
0x00007ffd9d6a0000 - 0x00007ffd9d70f000 	C:\Windows\System32\WS2_32.dll
0x00007ffd99200000 - 0x00007ffd99224000 	C:\Windows\SYSTEM32\WINMM.dll
0x00007ffd95a70000 - 0x00007ffd95a7a000 	C:\Windows\SYSTEM32\VERSION.dll
0x00007ffd990a0000 - 0x00007ffd990cd000 	C:\Windows\SYSTEM32\WINMMBASE.dll
0x00007ffd9c8a0000 - 0x00007ffd9c8ea000 	C:\Windows\System32\cfgmgr32.dll
0x00007ffd972d0000 - 0x00007ffd972df000 	C:\Program Files\Java\jdk1.8.0_201\jre\bin\verify.dll
0x00007ffd79b70000 - 0x00007ffd79b99000 	C:\Program Files\Java\jdk1.8.0_201\jre\bin\java.dll
0x00007ffd79b40000 - 0x00007ffd79b63000 	C:\Program Files\Java\jdk1.8.0_201\jre\bin\instrument.dll
0x00007ffd8bc10000 - 0x00007ffd8bc26000 	C:\Program Files\Java\jdk1.8.0_201\jre\bin\zip.dll
0x00007ffd9d9a0000 - 0x00007ffd9e085000 	C:\Windows\System32\SHELL32.dll
0x00007ffd9ca50000 - 0x00007ffd9caf9000 	C:\Windows\System32\shcore.dll
0x00007ffd9bc90000 - 0x00007ffd9c40f000 	C:\Windows\System32\windows.storage.dll
0x00007ffd9b790000 - 0x00007ffd9b7af000 	C:\Windows\System32\profapi.dll
0x00007ffd9b720000 - 0x00007ffd9b76a000 	C:\Windows\System32\powrprof.dll
0x00007ffd9b710000 - 0x00007ffd9b720000 	C:\Windows\System32\UMPDC.dll
0x00007ffd9d110000 - 0x00007ffd9d162000 	C:\Windows\System32\shlwapi.dll
0x00007ffd9b7b0000 - 0x00007ffd9b7c1000 	C:\Windows\System32\kernel.appcore.dll
0x00007ffd9b7d0000 - 0x00007ffd9b7e7000 	C:\Windows\System32\cryptsp.dll
0x00007ffd73870000 - 0x00007ffd7388a000 	E:\Program Files\JetBrains\IntelliJ IDEA 2021.2.2\bin\breakgen64.dll

VM Arguments:
jvm_args: -ea -Didea.test.cyclic.buffer.size=1048576 -javaagent:E:\Program Files\JetBrains\IntelliJ IDEA 2021.2.2\lib\idea_rt.jar=61837:E:\Program Files\JetBrains\IntelliJ IDEA 2021.2.2\bin -Dfile.encoding=UTF-8 
java_command: com.intellij.rt.junit.JUnitStarter -ideVersion5 -junit5 com.kk.autogencode.AutogencodeApplicationTests
java_class_path (initial): C:\Users\Administrator\.m2\repository\org\junit\platform\junit-platform-launcher\1.8.1\junit-platform-launcher-1.8.1.jar;C:\Users\Administrator\.m2\repository\org\junit\platform\junit-platform-engine\1.8.1\junit-platform-engine-1.8.1.jar;C:\Users\Administrator\.m2\repository\org\opentest4j\opentest4j\1.2.0\opentest4j-1.2.0.jar;C:\Users\Administrator\.m2\repository\org\junit\platform\junit-platform-commons\1.8.1\junit-platform-commons-1.8.1.jar;C:\Users\Administrator\.m2\repository\org\apiguardian\apiguardian-api\1.1.2\apiguardian-api-1.1.2.jar;E:\Program Files\JetBrains\IntelliJ IDEA 2021.2.2\lib\idea_rt.jar;E:\Program Files\JetBrains\IntelliJ IDEA 2021.2.2\plugins\junit\lib\junit5-rt.jar;E:\Program Files\JetBrains\IntelliJ IDEA 2021.2.2\plugins\junit\lib\junit-rt.jar;C:\Program Files\Java\jdk1.8.0_201\jre\lib\charsets.jar;C:\Program Files\Java\jdk1.8.0_201\jre\lib\deploy.jar;C:\Program Files\Java\jdk1.8.0_201\jre\lib\ext\access-bridge-64.jar;C:\Program Files\Java\jdk1.8.0_201\jre\lib\ext\cldrdata.jar;C:\Program Files\Java\jdk1.8.0_201\jre\lib\ext\dnsns.jar;C:\Program Files\Java\jdk1.8.0_201\jre\lib\ext\jaccess.jar;C:\Program Files\Java\jdk1.8.0_201\jre\lib\ext\jfxrt.jar;C:\Program Files\Java\jdk1.8.0_201\jre\lib\ext\localedata.jar;C:\Program Files\Java\jdk1.8.0_201\jre\lib\ext\nashorn.jar;C:\Program Files\Java\jdk1.8.0_201\jre\lib\ext\sunec.jar;C:\Program Files\Java\jdk1.8.0_201\jre\lib\ext\sunjce_provider.jar;C:\Program Files\Java\jdk1.8.0_201\jre\lib\ext\sunmscapi.jar;C:\Program Files\Java\jdk1.8.0_201\jre\lib\ext\sunpkcs11.jar;C:\Program Files\Java\jdk1.8.0_201\jre\lib\ext\zipfs.jar;C:\Program Files\Java\jdk1.8.0_201\jre\lib\javaws.jar;C:\Program Files\Java\jdk1.8.0_201\jre\lib\jce.jar;C:\Program Files\Java\jdk1.8.0_201\jre\lib\jfr.jar;C:\Program Files\Java\jdk1.8.0_201\jre\lib\jfxswt.jar;C:\Program Files\Java\jdk1.8.0_201\jre\lib\jsse.jar;C:\Program Files\Java\jdk1.8.0_201\jre\lib\management-agent.jar;C:\Program Files\Java\jdk1.8.0_
Launcher Type: SUN_STANDARD

Environment Variables:
JAVA_HOME=C:\Program Files\Java\jdk1.8.0_201
CLASSPATH=C:\Program Files\Java\jdk1.8.0_201\lib\dt.jar;C:\Program Files\Java\jdk1.8.0_201\lib\tools.jar
PATH=C:\Program Files (x86)\Common Files\Oracle\Java\javapath;C:\Windows\system32;C:\Windows;C:\Windows\System32\Wbem;C:\Windows\System32\WindowsPowerShell\v1.0\;C:\Windows\System32\OpenSSH\;C:\Program Files (x86)\NVIDIA Corporation\PhysX\Common;C:\Program Files\NVIDIA Corporation\NVIDIA NvDLISR;C:\Program Files\dotnet\;C:\Program Files\Microsoft SQL Server\130\Tools\Binn\;C:\Program Files\Microsoft SQL Server\Client SDK\ODBC\170\Tools\Binn\;E:\Program Files (x86)\Microsoft SQL Server\100\Tools\Binn\;E:\Program Files\Microsoft SQL Server\100\Tools\Binn\;E:\Program Files\Microsoft SQL Server\100\DTS\Binn\;E:\Program Files (x86)\Microsoft SQL Server\100\Tools\Binn\VSShell\Common7\IDE\;C:\Program Files (x86)\Microsoft Visual Studio 9.0\Common7\IDE\PrivateAssemblies\;E:\Program Files (x86)\Microsoft SQL Server\100\DTS\Binn\;C:\Program Files (x86)\Microsoft Visual Studio\Shared\Python37_64\Scripts;E:\SVN\SVN\Code\JAVA\maven\apache-maven-3.8.2\bin;C:\Program Files\Java\jdk1.8.0_201\bin;C:\Program Files\TortoiseGit\bin;C:\Program Files\Git\cmd;C:\Users\Administrator\AppData\Local\Microsoft\WindowsApps;C:\Users\Administrator\.dotnet\tools;E:\Program Files\JetBrains\IntelliJ IDEA 2021.2.2\bin;
USERNAME=Administrator
OS=Windows_NT
PROCESSOR_IDENTIFIER=Intel64 Family 6 Model 60 Stepping 3, GenuineIntel



---------------  S Y S T E M  ---------------

OS: Windows 10.0 , 64 bit Build 18362 (10.0.18362.329)

CPU:total 4 (initial active 4) (4 cores per cpu, 1 threads per core) family 6 model 60 stepping 3, cmov, cx8, fxsr, mmx, sse, sse2, sse3, ssse3, sse4.1, sse4.2, popcnt, avx, avx2, aes, clmul, erms, lzcnt, tsc, tscinvbit, bmi1, bmi2

Memory: 4k page, physical 16674916k(3437776k free), swap 16676964k(5124k free)

vm_info: Java HotSpot(TM) 64-Bit Server VM (25.201-b09) for windows-amd64 JRE (1.8.0_201-b09), built on Dec 15 2018 18:36:39 by "java_re" with MS VC++ 10.0 (VS2010)

time: Sat Dec 18 15:17:48 2021
timezone: 中国标准时间
elapsed time: 0 seconds (0d 0h 0m 0s)

